
bitinit version Xilinx EDK 11.5 Build EDK_LS5.70
Copyright (c) Xilinx Inc. 2002.

Parsing MHS File system.mhs...

Overriding IP level properties ...
INFO:EDK:1560 - IPNAME:mpmc INSTANCE:DDR2_SDRAM -
   /opt/Xilinx/11.5/EDK/hw/XilinxProcessorIPLib/pcores/mpmc_v5_04_a/data/mpmc_v2
   _1_0.mpd line 171 - tcl is overriding PARAMETER C_IODELAY_GRP value to
   DDR2_SDRAM
INFO:EDK:1560 - IPNAME:mpmc INSTANCE:DDR2_SDRAM -
   /opt/Xilinx/11.5/EDK/hw/XilinxProcessorIPLib/pcores/mpmc_v5_04_a/data/mpmc_v2
   _1_0.mpd line 247 - tcl is overriding PARAMETER C_MEM_PART_DATA_DEPTH value
   to 32
INFO:EDK:1560 - IPNAME:mpmc INSTANCE:DDR2_SDRAM -
   /opt/Xilinx/11.5/EDK/hw/XilinxProcessorIPLib/pcores/mpmc_v5_04_a/data/mpmc_v2
   _1_0.mpd line 248 - tcl is overriding PARAMETER C_MEM_PART_DATA_WIDTH value
   to 16
INFO:EDK:1560 - IPNAME:mpmc INSTANCE:DDR2_SDRAM -
   /opt/Xilinx/11.5/EDK/hw/XilinxProcessorIPLib/pcores/mpmc_v5_04_a/data/mpmc_v2
   _1_0.mpd line 251 - tcl is overriding PARAMETER C_MEM_PART_NUM_COL_BITS value
   to 10
INFO:EDK:1560 - IPNAME:mpmc INSTANCE:DDR2_SDRAM -
   /opt/Xilinx/11.5/EDK/hw/XilinxProcessorIPLib/pcores/mpmc_v5_04_a/data/mpmc_v2
   _1_0.mpd line 252 - tcl is overriding PARAMETER C_MEM_PART_TRAS value to
   40000
INFO:EDK:1560 - IPNAME:mpmc INSTANCE:DDR2_SDRAM -
   /opt/Xilinx/11.5/EDK/hw/XilinxProcessorIPLib/pcores/mpmc_v5_04_a/data/mpmc_v2
   _1_0.mpd line 253 - tcl is overriding PARAMETER C_MEM_PART_TRASMAX value to
   70000000
INFO:EDK:1560 - IPNAME:mpmc INSTANCE:DDR2_SDRAM -
   /opt/Xilinx/11.5/EDK/hw/XilinxProcessorIPLib/pcores/mpmc_v5_04_a/data/mpmc_v2
   _1_0.mpd line 254 - tcl is overriding PARAMETER C_MEM_PART_TRC value to 55000
INFO:EDK:1560 - IPNAME:mpmc INSTANCE:DDR2_SDRAM -
   /opt/Xilinx/11.5/EDK/hw/XilinxProcessorIPLib/pcores/mpmc_v5_04_a/data/mpmc_v2
   _1_0.mpd line 255 - tcl is overriding PARAMETER C_MEM_PART_TRCD value to
   15000
INFO:EDK:1560 - IPNAME:mpmc INSTANCE:DDR2_SDRAM -
   /opt/Xilinx/11.5/EDK/hw/XilinxProcessorIPLib/pcores/mpmc_v5_04_a/data/mpmc_v2
   _1_0.mpd line 257 - tcl is overriding PARAMETER C_MEM_PART_TWR value to 15000
INFO:EDK:1560 - IPNAME:mpmc INSTANCE:DDR2_SDRAM -
   /opt/Xilinx/11.5/EDK/hw/XilinxProcessorIPLib/pcores/mpmc_v5_04_a/data/mpmc_v2
   _1_0.mpd line 258 - tcl is overriding PARAMETER C_MEM_PART_TRP value to 15000
INFO:EDK:1560 - IPNAME:mpmc INSTANCE:DDR2_SDRAM -
   /opt/Xilinx/11.5/EDK/hw/XilinxProcessorIPLib/pcores/mpmc_v5_04_a/data/mpmc_v2
   _1_0.mpd line 259 - tcl is overriding PARAMETER C_MEM_PART_TMRD value to 2
INFO:EDK:1560 - IPNAME:mpmc INSTANCE:DDR2_SDRAM -
   /opt/Xilinx/11.5/EDK/hw/XilinxProcessorIPLib/pcores/mpmc_v5_04_a/data/mpmc_v2
   _1_0.mpd line 260 - tcl is overriding PARAMETER C_MEM_PART_TRRD value to
   10000
INFO:EDK:1560 - IPNAME:mpmc INSTANCE:DDR2_SDRAM -
   /opt/Xilinx/11.5/EDK/hw/XilinxProcessorIPLib/pcores/mpmc_v5_04_a/data/mpmc_v2
   _1_0.mpd line 261 - tcl is overriding PARAMETER C_MEM_PART_TRFC value to
   105000
INFO:EDK:1560 - IPNAME:mpmc INSTANCE:DDR2_SDRAM -
   /opt/Xilinx/11.5/EDK/hw/XilinxProcessorIPLib/pcores/mpmc_v5_04_a/data/mpmc_v2
   _1_0.mpd line 262 - tcl is overriding PARAMETER C_MEM_PART_TREFI value to
   7800000
INFO:EDK:1560 - IPNAME:mpmc INSTANCE:DDR2_SDRAM -
   /opt/Xilinx/11.5/EDK/hw/XilinxProcessorIPLib/pcores/mpmc_v5_04_a/data/mpmc_v2
   _1_0.mpd line 264 - tcl is overriding PARAMETER C_MEM_PART_TCCD value to 2
INFO:EDK:1560 - IPNAME:mpmc INSTANCE:DDR2_SDRAM -
   /opt/Xilinx/11.5/EDK/hw/XilinxProcessorIPLib/pcores/mpmc_v5_04_a/data/mpmc_v2
   _1_0.mpd line 265 - tcl is overriding PARAMETER C_MEM_PART_TWTR value to 7500
INFO:EDK:1560 - IPNAME:mpmc INSTANCE:DDR2_SDRAM -
   /opt/Xilinx/11.5/EDK/hw/XilinxProcessorIPLib/pcores/mpmc_v5_04_a/data/mpmc_v2
   _1_0.mpd line 269 - tcl is overriding PARAMETER C_MEM_PART_CAS_A_FMAX value
   to 200
INFO:EDK:1560 - IPNAME:mpmc INSTANCE:DDR2_SDRAM -
   /opt/Xilinx/11.5/EDK/hw/XilinxProcessorIPLib/pcores/mpmc_v5_04_a/data/mpmc_v2
   _1_0.mpd line 270 - tcl is overriding PARAMETER C_MEM_PART_CAS_A value to 3
INFO:EDK:1560 - IPNAME:mpmc INSTANCE:DDR2_SDRAM -
   /opt/Xilinx/11.5/EDK/hw/XilinxProcessorIPLib/pcores/mpmc_v5_04_a/data/mpmc_v2
   _1_0.mpd line 271 - tcl is overriding PARAMETER C_MEM_PART_CAS_B_FMAX value
   to 266
INFO:EDK:1560 - IPNAME:mpmc INSTANCE:DDR2_SDRAM -
   /opt/Xilinx/11.5/EDK/hw/XilinxProcessorIPLib/pcores/mpmc_v5_04_a/data/mpmc_v2
   _1_0.mpd line 272 - tcl is overriding PARAMETER C_MEM_PART_CAS_B value to 4

Performing IP level DRCs on properties...

Running DRC Tcl procedures for OPTION IPLEVEL_DRC_PROC...
Address Map for Processor microblaze_0
  (0000000000-0x0000ffff) dlmb_cntlr	dlmb
  (0000000000-0x0000ffff) ilmb_cntlr	ilmb
  (0x81000000-0x8100ffff) Ethernet_MAC	mb_plb
  (0x81400000-0x8140ffff) Push_Buttons_5Bit	mb_plb
  (0x81420000-0x8142ffff) LEDs_Positions	mb_plb
  (0x81440000-0x8144ffff) LEDs_8Bit	mb_plb
  (0x81460000-0x8146ffff) DIP_Switches_8Bit	mb_plb
  (0x81600000-0x8160ffff) IIC_EEPROM	mb_plb
  (0x81800000-0x8180ffff) xps_intc_0	mb_plb
  (0x83600000-0x8360ffff) SysACE_CompactFlash	mb_plb
  (0x83a00000-0x83a0ffff) xps_timebase_wdt_0	mb_plb
  (0x83c00000-0x83c0ffff) xps_timer_0	mb_plb
  (0x84000000-0x8400ffff) RS232_Uart_1	mb_plb
  (0x84400000-0x8440ffff) mdm_0	mb_plb
  (0x86a00000-0x86a0ffff) xps_ps2_0	mb_plb
  (0x86e00000-0x86e0ffff) xps_tft_0	mb_plb
  (0x8c000000-0x8dffffff) FLASH	mb_plb
  (0x90000000-0x9fffffff) DDR2_SDRAM	mb_plb
INFO:EDK:1560 - IPNAME:mpmc INSTANCE:DDR2_SDRAM -
   /opt/Xilinx/11.5/EDK/hw/XilinxProcessorIPLib/pcores/mpmc_v5_04_a/data/mpmc_v2
   _1_0.mpd line 352 - tool is overriding PARAMETER C_SPLB0_P2P value to 0

Computing clock values...
INFO:EDK:1039 - Did not update the value for parameter:
   DDR2_SDRAM:C_MPMC_CLK_MEM_PERIOD_PS. Top-level frequency could not be
   propagated to this IP. Please make sure that you have specified the frequency
   of the top-level clock port, and that the clocks are properly connected.
INFO:EDK:1560 - IPNAME:microblaze INSTANCE:microblaze_0 -
   /opt/Xilinx/11.5/EDK/hw/XilinxProcessorIPLib/pcores/microblaze_v7_20_d/data/m
   icroblaze_v2_1_0.mpd line 149 - tool is overriding PARAMETER C_DPLB_DWIDTH
   value to 64
INFO:EDK:1560 - IPNAME:microblaze INSTANCE:microblaze_0 -
   /opt/Xilinx/11.5/EDK/hw/XilinxProcessorIPLib/pcores/microblaze_v7_20_d/data/m
   icroblaze_v2_1_0.mpd line 153 - tool is overriding PARAMETER C_IPLB_DWIDTH
   value to 64
INFO:EDK:1560 - IPNAME:plb_v46 INSTANCE:mb_plb -
   /opt/Xilinx/11.5/EDK/hw/XilinxProcessorIPLib/pcores/plb_v46_v1_04_a/data/plb_
   v46_v2_1_0.mpd line 70 - tool is overriding PARAMETER C_PLBV46_NUM_MASTERS
   value to 3
INFO:EDK:1560 - IPNAME:plb_v46 INSTANCE:mb_plb -
   /opt/Xilinx/11.5/EDK/hw/XilinxProcessorIPLib/pcores/plb_v46_v1_04_a/data/plb_
   v46_v2_1_0.mpd line 71 - tool is overriding PARAMETER C_PLBV46_NUM_SLAVES
   value to 16
INFO:EDK:1560 - IPNAME:lmb_v10 INSTANCE:ilmb -
   /opt/Xilinx/11.5/EDK/hw/XilinxProcessorIPLib/pcores/lmb_v10_v1_00_a/data/lmb_
   v10_v2_1_0.mpd line 71 - tool is overriding PARAMETER C_LMB_NUM_SLAVES value
   to 1
INFO:EDK:1560 - IPNAME:lmb_v10 INSTANCE:dlmb -
   /opt/Xilinx/11.5/EDK/hw/XilinxProcessorIPLib/pcores/lmb_v10_v1_00_a/data/lmb_
   v10_v2_1_0.mpd line 71 - tool is overriding PARAMETER C_LMB_NUM_SLAVES value
   to 1
INFO:EDK:1560 - IPNAME:bram_block INSTANCE:lmb_bram -
   /opt/Xilinx/11.5/EDK/hw/XilinxProcessorIPLib/pcores/bram_block_v1_00_a/data/b
   ram_block_v2_1_0.mpd line 69 - tool is overriding PARAMETER C_MEMSIZE value
   to 0x10000
INFO:EDK:1560 - IPNAME:xps_uartlite INSTANCE:RS232_Uart_1 -
   /opt/Xilinx/11.5/EDK/hw/XilinxProcessorIPLib/pcores/xps_uartlite_v1_01_a/data
   /xps_uartlite_v2_1_0.mpd line 73 - tool is overriding PARAMETER C_SPLB_DWIDTH
   value to 64
INFO:EDK:1560 - IPNAME:xps_uartlite INSTANCE:RS232_Uart_1 -
   /opt/Xilinx/11.5/EDK/hw/XilinxProcessorIPLib/pcores/xps_uartlite_v1_01_a/data
   /xps_uartlite_v2_1_0.mpd line 75 - tool is overriding PARAMETER
   C_SPLB_MID_WIDTH value to 2
INFO:EDK:1560 - IPNAME:xps_uartlite INSTANCE:RS232_Uart_1 -
   /opt/Xilinx/11.5/EDK/hw/XilinxProcessorIPLib/pcores/xps_uartlite_v1_01_a/data
   /xps_uartlite_v2_1_0.mpd line 76 - tool is overriding PARAMETER
   C_SPLB_NUM_MASTERS value to 3
INFO:EDK:1560 - IPNAME:xps_gpio INSTANCE:LEDs_8Bit -
   /opt/Xilinx/11.5/EDK/hw/XilinxProcessorIPLib/pcores/xps_gpio_v2_00_a/data/xps
   _gpio_v2_1_0.mpd line 71 - tool is overriding PARAMETER C_SPLB_DWIDTH value
   to 64
INFO:EDK:1560 - IPNAME:xps_gpio INSTANCE:LEDs_8Bit -
   /opt/Xilinx/11.5/EDK/hw/XilinxProcessorIPLib/pcores/xps_gpio_v2_00_a/data/xps
   _gpio_v2_1_0.mpd line 73 - tool is overriding PARAMETER C_SPLB_MID_WIDTH
   value to 2
INFO:EDK:1560 - IPNAME:xps_gpio INSTANCE:LEDs_8Bit -
   /opt/Xilinx/11.5/EDK/hw/XilinxProcessorIPLib/pcores/xps_gpio_v2_00_a/data/xps
   _gpio_v2_1_0.mpd line 74 - tool is overriding PARAMETER C_SPLB_NUM_MASTERS
   value to 3
INFO:EDK:1560 - IPNAME:xps_gpio INSTANCE:LEDs_Positions -
   /opt/Xilinx/11.5/EDK/hw/XilinxProcessorIPLib/pcores/xps_gpio_v2_00_a/data/xps
   _gpio_v2_1_0.mpd line 71 - tool is overriding PARAMETER C_SPLB_DWIDTH value
   to 64
INFO:EDK:1560 - IPNAME:xps_gpio INSTANCE:LEDs_Positions -
   /opt/Xilinx/11.5/EDK/hw/XilinxProcessorIPLib/pcores/xps_gpio_v2_00_a/data/xps
   _gpio_v2_1_0.mpd line 73 - tool is overriding PARAMETER C_SPLB_MID_WIDTH
   value to 2
INFO:EDK:1560 - IPNAME:xps_gpio INSTANCE:LEDs_Positions -
   /opt/Xilinx/11.5/EDK/hw/XilinxProcessorIPLib/pcores/xps_gpio_v2_00_a/data/xps
   _gpio_v2_1_0.mpd line 74 - tool is overriding PARAMETER C_SPLB_NUM_MASTERS
   value to 3
INFO:EDK:1560 - IPNAME:xps_gpio INSTANCE:Push_Buttons_5Bit -
   /opt/Xilinx/11.5/EDK/hw/XilinxProcessorIPLib/pcores/xps_gpio_v2_00_a/data/xps
   _gpio_v2_1_0.mpd line 71 - tool is overriding PARAMETER C_SPLB_DWIDTH value
   to 64
INFO:EDK:1560 - IPNAME:xps_gpio INSTANCE:Push_Buttons_5Bit -
   /opt/Xilinx/11.5/EDK/hw/XilinxProcessorIPLib/pcores/xps_gpio_v2_00_a/data/xps
   _gpio_v2_1_0.mpd line 73 - tool is overriding PARAMETER C_SPLB_MID_WIDTH
   value to 2
INFO:EDK:1560 - IPNAME:xps_gpio INSTANCE:Push_Buttons_5Bit -
   /opt/Xilinx/11.5/EDK/hw/XilinxProcessorIPLib/pcores/xps_gpio_v2_00_a/data/xps
   _gpio_v2_1_0.mpd line 74 - tool is overriding PARAMETER C_SPLB_NUM_MASTERS
   value to 3
INFO:EDK:1560 - IPNAME:xps_gpio INSTANCE:DIP_Switches_8Bit -
   /opt/Xilinx/11.5/EDK/hw/XilinxProcessorIPLib/pcores/xps_gpio_v2_00_a/data/xps
   _gpio_v2_1_0.mpd line 71 - tool is overriding PARAMETER C_SPLB_DWIDTH value
   to 64
INFO:EDK:1560 - IPNAME:xps_gpio INSTANCE:DIP_Switches_8Bit -
   /opt/Xilinx/11.5/EDK/hw/XilinxProcessorIPLib/pcores/xps_gpio_v2_00_a/data/xps
   _gpio_v2_1_0.mpd line 73 - tool is overriding PARAMETER C_SPLB_MID_WIDTH
   value to 2
INFO:EDK:1560 - IPNAME:xps_gpio INSTANCE:DIP_Switches_8Bit -
   /opt/Xilinx/11.5/EDK/hw/XilinxProcessorIPLib/pcores/xps_gpio_v2_00_a/data/xps
   _gpio_v2_1_0.mpd line 74 - tool is overriding PARAMETER C_SPLB_NUM_MASTERS
   value to 3
INFO:EDK:1560 - IPNAME:xps_iic INSTANCE:IIC_EEPROM -
   /opt/Xilinx/11.5/EDK/hw/XilinxProcessorIPLib/pcores/xps_iic_v2_02_a/data/xps_
   iic_v2_1_0.mpd line 76 - tool is overriding PARAMETER C_SPLB_MID_WIDTH value
   to 2
INFO:EDK:1560 - IPNAME:xps_iic INSTANCE:IIC_EEPROM -
   /opt/Xilinx/11.5/EDK/hw/XilinxProcessorIPLib/pcores/xps_iic_v2_02_a/data/xps_
   iic_v2_1_0.mpd line 77 - tool is overriding PARAMETER C_SPLB_NUM_MASTERS
   value to 3
INFO:EDK:1560 - IPNAME:xps_iic INSTANCE:IIC_EEPROM -
   /opt/Xilinx/11.5/EDK/hw/XilinxProcessorIPLib/pcores/xps_iic_v2_02_a/data/xps_
   iic_v2_1_0.mpd line 79 - tool is overriding PARAMETER C_SPLB_DWIDTH value to
   64
INFO:EDK:1560 - IPNAME:xps_ethernetlite INSTANCE:Ethernet_MAC -
   /opt/Xilinx/11.5/EDK/hw/XilinxProcessorIPLib/pcores/xps_ethernetlite_v3_01_a/
   data/xps_ethernetlite_v2_1_0.mpd line 76 - tool is overriding PARAMETER
   C_SPLB_DWIDTH value to 64
INFO:EDK:1560 - IPNAME:xps_ethernetlite INSTANCE:Ethernet_MAC -
   /opt/Xilinx/11.5/EDK/hw/XilinxProcessorIPLib/pcores/xps_ethernetlite_v3_01_a/
   data/xps_ethernetlite_v2_1_0.mpd line 78 - tool is overriding PARAMETER
   C_SPLB_MID_WIDTH value to 2
INFO:EDK:1560 - IPNAME:xps_ethernetlite INSTANCE:Ethernet_MAC -
   /opt/Xilinx/11.5/EDK/hw/XilinxProcessorIPLib/pcores/xps_ethernetlite_v3_01_a/
   data/xps_ethernetlite_v2_1_0.mpd line 79 - tool is overriding PARAMETER
   C_SPLB_NUM_MASTERS value to 3
INFO:EDK:1560 - IPNAME:mpmc INSTANCE:DDR2_SDRAM -
   /opt/Xilinx/11.5/EDK/hw/XilinxProcessorIPLib/pcores/mpmc_v5_04_a/data/mpmc_v2
   _1_0.mpd line 350 - tool is overriding PARAMETER C_SPLB0_NUM_MASTERS value to
   3
INFO:EDK:1560 - IPNAME:mpmc INSTANCE:DDR2_SDRAM -
   /opt/Xilinx/11.5/EDK/hw/XilinxProcessorIPLib/pcores/mpmc_v5_04_a/data/mpmc_v2
   _1_0.mpd line 351 - tool is overriding PARAMETER C_SPLB0_MID_WIDTH value to 2
INFO:EDK:1560 - IPNAME:xps_sysace INSTANCE:SysACE_CompactFlash -
   /opt/Xilinx/11.5/EDK/hw/XilinxProcessorIPLib/pcores/xps_sysace_v1_01_a/data/x
   ps_sysace_v2_1_0.mpd line 72 - tool is overriding PARAMETER C_SPLB_DWIDTH
   value to 64
INFO:EDK:1560 - IPNAME:xps_sysace INSTANCE:SysACE_CompactFlash -
   /opt/Xilinx/11.5/EDK/hw/XilinxProcessorIPLib/pcores/xps_sysace_v1_01_a/data/x
   ps_sysace_v2_1_0.mpd line 74 - tool is overriding PARAMETER C_SPLB_MID_WIDTH
   value to 2
INFO:EDK:1560 - IPNAME:xps_sysace INSTANCE:SysACE_CompactFlash -
   /opt/Xilinx/11.5/EDK/hw/XilinxProcessorIPLib/pcores/xps_sysace_v1_01_a/data/x
   ps_sysace_v2_1_0.mpd line 75 - tool is overriding PARAMETER
   C_SPLB_NUM_MASTERS value to 3
INFO:EDK:1560 - IPNAME:xps_mch_emc INSTANCE:FLASH -
   /opt/Xilinx/11.5/EDK/hw/XilinxProcessorIPLib/pcores/xps_mch_emc_v3_01_a/data/
   xps_mch_emc_v2_1_0.mpd line 79 - tool is overriding PARAMETER
   C_SPLB_MID_WIDTH value to 2
INFO:EDK:1560 - IPNAME:xps_mch_emc INSTANCE:FLASH -
   /opt/Xilinx/11.5/EDK/hw/XilinxProcessorIPLib/pcores/xps_mch_emc_v3_01_a/data/
   xps_mch_emc_v2_1_0.mpd line 80 - tool is overriding PARAMETER
   C_SPLB_NUM_MASTERS value to 3
INFO:EDK:1560 - IPNAME:xps_mch_emc INSTANCE:FLASH -
   /opt/Xilinx/11.5/EDK/hw/XilinxProcessorIPLib/pcores/xps_mch_emc_v3_01_a/data/
   xps_mch_emc_v2_1_0.mpd line 82 - tool is overriding PARAMETER C_SPLB_DWIDTH
   value to 64
INFO:EDK:1560 - IPNAME:xps_timebase_wdt INSTANCE:xps_timebase_wdt_0 -
   /opt/Xilinx/11.5/EDK/hw/XilinxProcessorIPLib/pcores/xps_timebase_wdt_v1_01_a/
   data/xps_timebase_wdt_v2_1_0.mpd line 73 - tool is overriding PARAMETER
   C_SPLB_DWIDTH value to 64
INFO:EDK:1560 - IPNAME:xps_timebase_wdt INSTANCE:xps_timebase_wdt_0 -
   /opt/Xilinx/11.5/EDK/hw/XilinxProcessorIPLib/pcores/xps_timebase_wdt_v1_01_a/
   data/xps_timebase_wdt_v2_1_0.mpd line 75 - tool is overriding PARAMETER
   C_SPLB_MID_WIDTH value to 2
INFO:EDK:1560 - IPNAME:xps_timebase_wdt INSTANCE:xps_timebase_wdt_0 -
   /opt/Xilinx/11.5/EDK/hw/XilinxProcessorIPLib/pcores/xps_timebase_wdt_v1_01_a/
   data/xps_timebase_wdt_v2_1_0.mpd line 76 - tool is overriding PARAMETER
   C_SPLB_NUM_MASTERS value to 3
INFO:EDK:1560 - IPNAME:xps_timer INSTANCE:xps_timer_0 -
   /opt/Xilinx/11.5/EDK/hw/XilinxProcessorIPLib/pcores/xps_timer_v1_01_b/data/xp
   s_timer_v2_1_0.mpd line 78 - tool is overriding PARAMETER C_SPLB_DWIDTH value
   to 64
INFO:EDK:1560 - IPNAME:xps_timer INSTANCE:xps_timer_0 -
   /opt/Xilinx/11.5/EDK/hw/XilinxProcessorIPLib/pcores/xps_timer_v1_01_b/data/xp
   s_timer_v2_1_0.mpd line 80 - tool is overriding PARAMETER C_SPLB_MID_WIDTH
   value to 2
INFO:EDK:1560 - IPNAME:xps_timer INSTANCE:xps_timer_0 -
   /opt/Xilinx/11.5/EDK/hw/XilinxProcessorIPLib/pcores/xps_timer_v1_01_b/data/xp
   s_timer_v2_1_0.mpd line 81 - tool is overriding PARAMETER C_SPLB_NUM_MASTERS
   value to 3
INFO:EDK:1560 - IPNAME:mdm INSTANCE:mdm_0 -
   /opt/Xilinx/11.5/EDK/hw/XilinxProcessorIPLib/pcores/mdm_v1_00_g/data/mdm_v2_1
   _0.mpd line 86 - tool is overriding PARAMETER C_SPLB_DWIDTH value to 64
INFO:EDK:1560 - IPNAME:mdm INSTANCE:mdm_0 -
   /opt/Xilinx/11.5/EDK/hw/XilinxProcessorIPLib/pcores/mdm_v1_00_g/data/mdm_v2_1
   _0.mpd line 88 - tool is overriding PARAMETER C_SPLB_MID_WIDTH value to 2
INFO:EDK:1560 - IPNAME:mdm INSTANCE:mdm_0 -
   /opt/Xilinx/11.5/EDK/hw/XilinxProcessorIPLib/pcores/mdm_v1_00_g/data/mdm_v2_1
   _0.mpd line 89 - tool is overriding PARAMETER C_SPLB_NUM_MASTERS value to 3
INFO:EDK:1560 - IPNAME:xps_intc INSTANCE:xps_intc_0 -
   /opt/Xilinx/11.5/EDK/hw/XilinxProcessorIPLib/pcores/xps_intc_v2_00_a/data/xps
   _intc_v2_1_0.mpd line 73 - tool is overriding PARAMETER C_SPLB_DWIDTH value
   to 64
INFO:EDK:1560 - IPNAME:xps_intc INSTANCE:xps_intc_0 -
   /opt/Xilinx/11.5/EDK/hw/XilinxProcessorIPLib/pcores/xps_intc_v2_00_a/data/xps
   _intc_v2_1_0.mpd line 75 - tool is overriding PARAMETER C_SPLB_NUM_MASTERS
   value to 3
INFO:EDK:1560 - IPNAME:xps_intc INSTANCE:xps_intc_0 -
   /opt/Xilinx/11.5/EDK/hw/XilinxProcessorIPLib/pcores/xps_intc_v2_00_a/data/xps
   _intc_v2_1_0.mpd line 76 - tool is overriding PARAMETER C_SPLB_MID_WIDTH
   value to 2
INFO:EDK:1560 - IPNAME:xps_tft INSTANCE:xps_tft_0 -
   /opt/Xilinx/11.5/EDK/hw/XilinxProcessorIPLib/pcores/xps_tft_v2_01_a/data/xps_
   tft_v2_1_0.mpd line 82 - tool is overriding PARAMETER C_SPLB_DWIDTH value to
   64
INFO:EDK:1560 - IPNAME:xps_tft INSTANCE:xps_tft_0 -
   /opt/Xilinx/11.5/EDK/hw/XilinxProcessorIPLib/pcores/xps_tft_v2_01_a/data/xps_
   tft_v2_1_0.mpd line 84 - tool is overriding PARAMETER C_SPLB_MID_WIDTH value
   to 2
INFO:EDK:1560 - IPNAME:xps_tft INSTANCE:xps_tft_0 -
   /opt/Xilinx/11.5/EDK/hw/XilinxProcessorIPLib/pcores/xps_tft_v2_01_a/data/xps_
   tft_v2_1_0.mpd line 85 - tool is overriding PARAMETER C_SPLB_NUM_MASTERS
   value to 3
INFO:EDK:1560 - IPNAME:xps_ps2 INSTANCE:xps_ps2_0 -
   /opt/Xilinx/11.5/EDK/hw/XilinxProcessorIPLib/pcores/xps_ps2_v1_01_a/data/xps_
   ps2_v2_1_0.mpd line 70 - tool is overriding PARAMETER C_SPLB_DWIDTH value to
   64
INFO:EDK:1560 - IPNAME:xps_ps2 INSTANCE:xps_ps2_0 -
   /opt/Xilinx/11.5/EDK/hw/XilinxProcessorIPLib/pcores/xps_ps2_v1_01_a/data/xps_
   ps2_v2_1_0.mpd line 72 - tool is overriding PARAMETER C_SPLB_MID_WIDTH value
   to 2
INFO:EDK:1560 - IPNAME:xps_ps2 INSTANCE:xps_ps2_0 -
   /opt/Xilinx/11.5/EDK/hw/XilinxProcessorIPLib/pcores/xps_ps2_v1_01_a/data/xps_
   ps2_v2_1_0.mpd line 73 - tool is overriding PARAMETER C_SPLB_NUM_MASTERS
   value to 3

Checking platform address map ...

Initializing Memory...
Running Data2Mem with the following command:
data2mem -bm implementation/system_bd -bt implementation/system.bit  -bd
bootloops/microblaze_0.elf tag microblaze_0  -o b implementation/download.bit 
Memory Initialization completed successfully.

